<?xml version="1.0" encoding="UTF-8"?>
<!-- Generated by org.testng.reporters.JUnitReportReporter -->
<testsuite hostname="RA" failures="0" tests="1" name="saucedemo.tests.LoginTest" time="70.687" errors="0" timestamp="2020-12-29T20:53:23 IST" skipped="0">
  <testcase classname="saucedemo.tests.LoginTest" name="tc01_login" time="70.687"/>
  <system-out/>
</testsuite> <!-- saucedemo.tests.LoginTest -->
